[23:00:34.819] Global cache location '/home/lucifer/.cache/typescript/4.7', safe file path '/home/lucifer/.npm-global/lib/node_modules/typescript/lib/typingSafeList.json', types map path /home/lucifer/.npm-global/lib/node_modules/typescript/lib/typesMap.json
[23:00:34.821] Processing cache location '/home/lucifer/.cache/typescript/4.7'
[23:00:34.821] Trying to find '/home/lucifer/.cache/typescript/4.7/package.json'...
[23:00:34.823] Loaded content of '/home/lucifer/.cache/typescript/4.7/package.json': {"private":true,"dependencies":{"types-registry":"^0.1.619"}}
[23:00:34.824] Loaded content of '/home/lucifer/.cache/typescript/4.7/package-lock.json'
[23:00:34.824] Finished processing cache location '/home/lucifer/.cache/typescript/4.7'
[23:00:34.824] Process id: 36754
[23:00:34.824] NPM location: /usr/bin/npm (explicit '--npmLocation' not  provided)
[23:00:34.824] validateDefaultNpmLocation: false
[23:00:34.824] Npm config file: /home/lucifer/.cache/typescript/4.7/package.json
[23:00:34.825] Updating types-registry npm package...
[23:00:34.825] Exec: /usr/bin/npm install --ignore-scripts types-registry@latest
[23:00:36.100]     Succeeded. stdout:
    
    changed 1 package, and audited 2 packages in 753ms

found 0 vulnerabilities

[23:00:36.100] Updated types-registry npm package
[23:00:50.482] Got install request {"projectName":"/dev/null/inferredProject1*","fileNames":["/home/lucifer/.npm-global/lib/node_modules/typescript/lib/lib.es5.d.ts","/home/lucifer/.npm-global/lib/node_modules/typescript/lib/lib.es2015.d.ts","/home/lucifer/.npm-global/lib/node_modules/typescript/lib/lib.es2016.d.ts","/home/lucifer/.npm-global/lib/node_modules/typescript/lib/lib.dom.d.ts","/home/lucifer/.npm-global/lib/node_modules/typescript/lib/lib.dom.iterable.d.ts","/home/lucifer/.npm-global/lib/node_modules/typescript/lib/lib.webworker.importscripts.d.ts","/home/lucifer/.npm-global/lib/node_modules/typescript/lib/lib.scripthost.d.ts","/home/lucifer/.npm-global/lib/node_modules/typescript/lib/lib.es2015.core.d.ts","/home/lucifer/.npm-global/lib/node_modules/typescript/lib/lib.es2015.collection.d.ts","/home/lucifer/.npm-global/lib/node_modules/typescript/lib/lib.es2015.generator.d.ts","/home/lucifer/.npm-global/lib/node_modules/typescript/lib/lib.es2015.iterable.d.ts","/home/lucifer/.npm-global/lib/node_modules/typescript/lib/lib.es2015.promise.d.ts","/home/lucifer/.npm-global/lib/node_modules/typescript/lib/lib.es2015.proxy.d.ts","/home/lucifer/.npm-global/lib/node_modules/typescript/lib/lib.es2015.reflect.d.ts","/home/lucifer/.npm-global/lib/node_modules/typescript/lib/lib.es2015.symbol.d.ts","/home/lucifer/.npm-global/lib/node_modules/typescript/lib/lib.es2015.symbol.wellknown.d.ts","/home/lucifer/.npm-global/lib/node_modules/typescript/lib/lib.es2016.array.include.d.ts","/home/lucifer/.npm-global/lib/node_modules/typescript/lib/lib.es2016.full.d.ts","/home/lucifer/Opensource/oppia-main/oppia/core/tests/puppeteer-acceptance-tests/utility-functions/testConstants.js","/home/lucifer/Opensource/oppia-main/oppia/core/tests/puppeteer-acceptance-tests/utility-functions/puppeteer_utils.js"],"compilerOptions":{"module":1,"target":3,"jsx":1,"allowJs":true,"allowSyntheticDefaultImports":true,"allowNonTsExtensions":true,"noEmitForJsFiles":true,"maxNodeModuleJsDepth":2},"typeAcquisition":{"enable":true,"include":[],"exclude":[]},"unresolvedImports":[],"projectRootPath":"/home/lucifer/Opensource/oppia-main/oppia/core/tests/puppeteer-acceptance-tests/utility-functions","kind":"discover"}
[23:00:50.504] Loaded safelist from types map file '/home/lucifer/.npm-global/lib/node_modules/typescript/lib/typesMap.json'
[23:00:50.504] Explicitly included types: []
[23:00:50.505] Inferred typings from unresolved imports: []
[23:00:50.505] Result: {"cachedTypingPaths":[],"newTypingNames":[],"filesToWatch":["/home/lucifer/Opensource/oppia-main/oppia/core/tests/puppeteer-acceptance-tests/utility-functions/bower_components","/home/lucifer/Opensource/oppia-main/oppia/core/tests/puppeteer-acceptance-tests/utility-functions/node_modules"]}
[23:00:50.505] Finished typings discovery: {"cachedTypingPaths":[],"newTypingNames":[],"filesToWatch":["/home/lucifer/Opensource/oppia-main/oppia/core/tests/puppeteer-acceptance-tests/utility-functions/bower_components","/home/lucifer/Opensource/oppia-main/oppia/core/tests/puppeteer-acceptance-tests/utility-functions/node_modules"]}
[23:00:50.506] DirectoryWatcher:: Added:: WatchInfo: /home/lucifer/Opensource/oppia-main/oppia/core/tests/puppeteer-acceptance-tests/utility-functions/bower_components
[23:00:50.506] DirectoryWatcher:: Added:: WatchInfo: /home/lucifer/Opensource/oppia-main/oppia/core/tests/puppeteer-acceptance-tests/utility-functions/bower_components 1 undefined Project: /dev/null/inferredProject1* watcher already invoked: false
[23:00:50.508] Elapsed:: 1.4671149998903275ms DirectoryWatcher:: Added:: WatchInfo: /home/lucifer/Opensource/oppia-main/oppia/core/tests/puppeteer-acceptance-tests/utility-functions/bower_components 1 undefined Project: /dev/null/inferredProject1* watcher already invoked: false
[23:00:50.508] DirectoryWatcher:: Added:: WatchInfo: /home/lucifer/Opensource/oppia-main/oppia/core/tests/puppeteer-acceptance-tests/utility-functions/node_modules
[23:00:50.508] DirectoryWatcher:: Added:: WatchInfo: /home/lucifer/Opensource/oppia-main/oppia/core/tests/puppeteer-acceptance-tests/utility-functions/node_modules 1 undefined Project: /dev/null/inferredProject1* watcher already invoked: false
[23:00:50.508] Elapsed:: 0.11576000042259693ms DirectoryWatcher:: Added:: WatchInfo: /home/lucifer/Opensource/oppia-main/oppia/core/tests/puppeteer-acceptance-tests/utility-functions/node_modules 1 undefined Project: /dev/null/inferredProject1* watcher already invoked: false
[23:00:50.508] Sending response:
    {"projectName":"/dev/null/inferredProject1*","typeAcquisition":{"enable":true,"include":[],"exclude":[]},"compilerOptions":{"module":1,"target":3,"jsx":1,"allowJs":true,"allowSyntheticDefaultImports":true,"allowNonTsExtensions":true,"noEmitForJsFiles":true,"maxNodeModuleJsDepth":2},"typings":[],"unresolvedImports":[],"kind":"action::set"}
[23:00:50.508] Response has been sent.
[23:00:50.508] No new typings were requested as a result of typings discovery
